Added Member To Class: ClassName=simrig_controller Member=Component C? 0.1u
Added Member To Class: ClassName=simrig_controller Member=Component C? 2u2
Added Member To Class: ClassName=simrig_controller Member=Component C? 0.1u
Added Member To Class: ClassName=simrig_controller Member=Component C? 2n2
Added Member To Class: ClassName=simrig_controller Member=Component C? 10pF
Added Member To Class: ClassName=simrig_controller Member=Component C? 10pF
Added Member To Class: ClassName=simrig_controller Member=Component C? 0.1u
Added Member To Class: ClassName=simrig_controller Member=Component C? 22uF
Added Member To Class: ClassName=simrig_controller Member=Component C? 0.1uF
Added Member To Class: ClassName=simrig_controller Member=Component C? 0.1u
Added Member To Class: ClassName=simrig_controller Member=Component C? 0.1u
Added Member To Class: ClassName=simrig_controller Member=Component C? 2u2
Added Member To Class: ClassName=simrig_controller Member=Component C? 0.1u
Added Member To Class: ClassName=simrig_controller Member=Component C? 2u2
Added Member To Class: ClassName=simrig_controller Member=Component C? 0.1u
Added Member To Class: ClassName=simrig_controller Member=Component C? 2u2
Added Member To Class: ClassName=simrig_controller Member=Component C? 0.1u
Added Member To Class: ClassName=simrig_controller Member=Component C? 0.1u
Added Member To Class: ClassName=simrig_controller Member=Component D? GREEN
Added Member To Class: ClassName=simrig_controller Member=Component R? 1k
Added Member To Class: ClassName=simrig_controller Member=Component R? 1k
Added Member To Class: ClassName=simrig_controller Member=Component R? 10k
Added Member To Class: ClassName=simrig_controller Member=Component R? 2k2
Added Member To Class: ClassName=simrig_controller Member=Component R? 10k
Added Member To Class: ClassName=simrig_controller Member=Component R? 0R
Added Member To Class: ClassName=simrig_controller Member=Component U? MPU-6050
Added Member To Class: ClassName=simrig_controller Member=Component U? STM32F411CEU6
